2019-08-02 13:02:43.394  INFO 12844 --- [restartedMain] com.app.WareHouseBootApplication         : Starting WareHouseBootApplication on IncredibleSRV with PID 12844 (C:\Users\The_Incredible_Srv\Documents\spring\springBoot\Extra\WareHouseBoot\target\classes started by The_Incredible_Srv in C:\Users\The_Incredible_Srv\Documents\spring\springBoot\Extra\WareHouseBoot)
2019-08-02 13:02:43.440 DEBUG 12844 --- [restartedMain] com.app.WareHouseBootApplication         : Running with Spring Boot v2.1.6.RELEASE, Spring v5.1.8.RELEASE
2019-08-02 13:02:43.468  INFO 12844 --- [restartedMain] com.app.WareHouseBootApplication         : The following profiles are active: appMsg,dev
2019-08-02 13:02:45.185  INFO 12844 --- [restartedMain] .e.DevToolsPropertyDefaultsPostProcessor : Devtools property defaults active! Set 'spring.devtools.add-properties' to 'false' to disable
2019-08-02 13:02:45.187  INFO 12844 --- [restartedMain] .e.DevToolsPropertyDefaultsPostProcessor : For additional web related logging consider setting the 'logging.level.web' property to 'DEBUG'
2019-08-02 13:02:50.554  INFO 12844 --- [restartedMain] .s.d.r.c.RepositoryConfigurationDelegate : Bootstrapping Spring Data repositories in DEFAULT mode.
2019-08-02 13:02:52.126  INFO 12844 --- [restartedMain] .s.d.r.c.RepositoryConfigurationDelegate : Finished Spring Data repository scanning in 1526ms. Found 13 repository interfaces.
2019-08-02 13:02:54.301  INFO 12844 --- [restartedMain] trationDelegate$BeanPostProcessorChecker : Bean 'org.springframework.transaction.annotation.ProxyTransactionManagementConfiguration' of type [org.springframework.transaction.annotation.ProxyTransactionManagementConfiguration$$EnhancerBySpringCGLIB$$3f4e603e] is not eligible for getting processed by all BeanPostProcessors (for example: not eligible for auto-proxying)
2019-08-02 13:02:56.256  INFO 12844 --- [restartedMain] o.s.b.w.embedded.tomcat.TomcatWebServer  : Tomcat initialized with port(s): 7070 (http)
2019-08-02 13:02:56.539  INFO 12844 --- [restartedMain] o.apache.catalina.core.StandardService   : Starting service [Tomcat]
2019-08-02 13:02:56.541  INFO 12844 --- [restartedMain] org.apache.catalina.core.StandardEngine  : Starting Servlet engine: [Apache Tomcat/9.0.21]
2019-08-02 13:02:57.565  INFO 12844 --- [restartedMain] o.a.c.c.C.[.[localhost].[/warehouse]     : Initializing Spring embedded WebApplicationContext
2019-08-02 13:02:57.566  INFO 12844 --- [restartedMain] o.s.web.context.ContextLoader            : Root WebApplicationContext: initialization completed in 12377 ms
2019-08-02 13:02:58.258  INFO 12844 --- [restartedMain] com.zaxxer.hikari.HikariDataSource       : HikariPool-1 - Starting...
2019-08-02 13:02:59.377  INFO 12844 --- [restartedMain] com.zaxxer.hikari.HikariDataSource       : HikariPool-1 - Start completed.
2019-08-02 13:02:59.689  INFO 12844 --- [restartedMain] o.hibernate.jpa.internal.util.LogHelper  : HHH000204: Processing PersistenceUnitInfo [
	name: default
	...]
2019-08-02 13:02:59.960  INFO 12844 --- [restartedMain] org.hibernate.Version                    : HHH000412: Hibernate Core {5.3.10.Final}
2019-08-02 13:02:59.967  INFO 12844 --- [restartedMain] org.hibernate.cfg.Environment            : HHH000206: hibernate.properties not found
2019-08-02 13:03:00.555  INFO 12844 --- [restartedMain] o.hibernate.annotations.common.Version   : HCANN000001: Hibernate Commons Annotations {5.0.4.Final}
2019-08-02 13:03:01.439  INFO 12844 --- [restartedMain] org.hibernate.dialect.Dialect            : HHH000400: Using dialect: org.hibernate.dialect.MySQL5Dialect
2019-08-02 13:03:08.916  INFO 12844 --- [restartedMain] j.LocalContainerEntityManagerFactoryBean : Initialized JPA EntityManagerFactory for persistence unit 'default'
2019-08-02 13:03:09.087  INFO 12844 --- [restartedMain] o.s.b.d.a.OptionalLiveReloadServer       : LiveReload server is running on port 35729
2019-08-02 13:03:10.242  INFO 12844 --- [restartedMain] o.h.h.i.QueryTranslatorFactoryInitiator  : HHH000397: Using ASTQueryTranslatorFactory
2019-08-02 13:03:13.237  INFO 12844 --- [restartedMain] o.s.s.concurrent.ThreadPoolTaskExecutor  : Initializing ExecutorService 'applicationTaskExecutor'
2019-08-02 13:03:13.429  WARN 12844 --- [restartedMain] aWebConfiguration$JpaWebMvcConfiguration : spring.jpa.open-in-view is enabled by default. Therefore, database queries may be performed during view rendering. Explicitly configure spring.jpa.open-in-view to disable this warning
2019-08-02 13:03:15.218  INFO 12844 --- [restartedMain] o.s.b.w.embedded.tomcat.TomcatWebServer  : Tomcat started on port(s): 7070 (http) with context path '/warehouse'
2019-08-02 13:03:15.234  INFO 12844 --- [restartedMain] com.app.WareHouseBootApplication         : Started WareHouseBootApplication in 35.178 seconds (JVM running for 40.739)
2019-08-02 13:04:16.489  INFO 12844 --- [http-nio-7070-exec-1] o.a.c.c.C.[.[localhost].[/warehouse]     : Initializing Spring DispatcherServlet 'dispatcherServlet'
2019-08-02 13:04:16.493  INFO 12844 --- [http-nio-7070-exec-1] o.s.web.servlet.DispatcherServlet        : Initializing Servlet 'dispatcherServlet'
2019-08-02 13:04:16.630  INFO 12844 --- [http-nio-7070-exec-1] o.s.web.servlet.DispatcherServlet        : Completed initialization in 136 ms
2019-08-02 16:23:15.942  INFO 12844 --- [Thread-5] o.s.s.concurrent.ThreadPoolTaskExecutor  : Shutting down ExecutorService 'applicationTaskExecutor'
2019-08-02 16:23:15.952  INFO 12844 --- [Thread-5] j.LocalContainerEntityManagerFactoryBean : Closing JPA EntityManagerFactory for persistence unit 'default'
2019-08-02 16:23:16.014  INFO 12844 --- [Thread-5] com.zaxxer.hikari.HikariDataSource       : HikariPool-1 - Shutdown initiated...
2019-08-02 16:23:16.014  INFO 12844 --- [Thread-5] com.zaxxer.hikari.HikariDataSource       : HikariPool-1 - Shutdown completed.
2019-08-02 16:23:17.786  INFO 12844 --- [restartedMain] com.app.WareHouseBootApplication         : Starting WareHouseBootApplication on IncredibleSRV with PID 12844 (C:\Users\The_Incredible_Srv\Documents\spring\springBoot\Extra\WareHouseBoot\target\classes started by The_Incredible_Srv in C:\Users\The_Incredible_Srv\Documents\spring\springBoot\Extra\WareHouseBoot)
2019-08-02 16:23:17.786 DEBUG 12844 --- [restartedMain] com.app.WareHouseBootApplication         : Running with Spring Boot v2.1.6.RELEASE, Spring v5.1.8.RELEASE
2019-08-02 16:23:17.786  INFO 12844 --- [restartedMain] com.app.WareHouseBootApplication         : The following profiles are active: appMsg,dev
2019-08-02 16:23:19.364  INFO 12844 --- [restartedMain] .s.d.r.c.RepositoryConfigurationDelegate : Bootstrapping Spring Data repositories in DEFAULT mode.
2019-08-02 16:23:19.755  INFO 12844 --- [restartedMain] .s.d.r.c.RepositoryConfigurationDelegate : Finished Spring Data repository scanning in 376ms. Found 13 repository interfaces.
2019-08-02 16:23:20.068  INFO 12844 --- [restartedMain] trationDelegate$BeanPostProcessorChecker : Bean 'org.springframework.transaction.annotation.ProxyTransactionManagementConfiguration' of type [org.springframework.transaction.annotation.ProxyTransactionManagementConfiguration$$EnhancerBySpringCGLIB$$3f4e603e] is not eligible for getting processed by all BeanPostProcessors (for example: not eligible for auto-proxying)
2019-08-02 16:23:20.630  INFO 12844 --- [restartedMain] o.s.b.w.embedded.tomcat.TomcatWebServer  : Tomcat initialized with port(s): 7070 (http)
2019-08-02 16:23:20.636  INFO 12844 --- [restartedMain] o.apache.catalina.core.StandardService   : Starting service [Tomcat]
2019-08-02 16:23:20.636  INFO 12844 --- [restartedMain] org.apache.catalina.core.StandardEngine  : Starting Servlet engine: [Apache Tomcat/9.0.21]
2019-08-02 16:23:20.699  INFO 12844 --- [restartedMain] o.a.c.c.C.[.[localhost].[/warehouse]     : Initializing Spring embedded WebApplicationContext
2019-08-02 16:23:20.714  INFO 12844 --- [restartedMain] o.s.web.context.ContextLoader            : Root WebApplicationContext: initialization completed in 2912 ms
2019-08-02 16:23:20.965  INFO 12844 --- [restartedMain] com.zaxxer.hikari.HikariDataSource       : HikariPool-2 - Starting...
2019-08-02 16:23:20.980  INFO 12844 --- [restartedMain] com.zaxxer.hikari.HikariDataSource       : HikariPool-2 - Start completed.
2019-08-02 16:23:21.074  INFO 12844 --- [restartedMain] o.hibernate.jpa.internal.util.LogHelper  : HHH000204: Processing PersistenceUnitInfo [
	name: default
	...]
2019-08-02 16:23:21.308  INFO 12844 --- [restartedMain] org.hibernate.dialect.Dialect            : HHH000400: Using dialect: org.hibernate.dialect.MySQL5Dialect
2019-08-02 16:23:23.736  INFO 12844 --- [restartedMain] j.LocalContainerEntityManagerFactoryBean : Initialized JPA EntityManagerFactory for persistence unit 'default'
2019-08-02 16:23:23.798  INFO 12844 --- [restartedMain] o.s.b.d.a.OptionalLiveReloadServer       : LiveReload server is running on port 35729
2019-08-02 16:23:23.954  INFO 12844 --- [restartedMain] o.h.h.i.QueryTranslatorFactoryInitiator  : HHH000397: Using ASTQueryTranslatorFactory
2019-08-02 16:23:25.392  INFO 12844 --- [restartedMain] o.s.s.concurrent.ThreadPoolTaskExecutor  : Initializing ExecutorService 'applicationTaskExecutor'
2019-08-02 16:23:25.431  WARN 12844 --- [restartedMain] aWebConfiguration$JpaWebMvcConfiguration : spring.jpa.open-in-view is enabled by default. Therefore, database queries may be performed during view rendering. Explicitly configure spring.jpa.open-in-view to disable this warning
2019-08-02 16:23:26.400  INFO 12844 --- [restartedMain] o.s.b.w.embedded.tomcat.TomcatWebServer  : Tomcat started on port(s): 7070 (http) with context path '/warehouse'
2019-08-02 16:23:26.409  INFO 12844 --- [restartedMain] com.app.WareHouseBootApplication         : Started WareHouseBootApplication in 8.832 seconds (JVM running for 12051.965)
2019-08-02 16:23:26.409  INFO 12844 --- [restartedMain] .ConditionEvaluationDeltaLoggingListener : Condition evaluation unchanged
2019-08-02 16:23:44.253  INFO 12844 --- [http-nio-7070-exec-1] o.a.c.c.C.[.[localhost].[/warehouse]     : Initializing Spring DispatcherServlet 'dispatcherServlet'
2019-08-02 16:23:44.268  INFO 12844 --- [http-nio-7070-exec-1] o.s.web.servlet.DispatcherServlet        : Initializing Servlet 'dispatcherServlet'
2019-08-02 16:23:44.285  INFO 12844 --- [http-nio-7070-exec-1] o.s.web.servlet.DispatcherServlet        : Completed initialization in 16 ms
2019-08-02 16:25:06.984  INFO 12844 --- [Thread-10] o.s.s.concurrent.ThreadPoolTaskExecutor  : Shutting down ExecutorService 'applicationTaskExecutor'
2019-08-02 16:25:06.999  INFO 12844 --- [Thread-10] j.LocalContainerEntityManagerFactoryBean : Closing JPA EntityManagerFactory for persistence unit 'default'
2019-08-02 16:25:06.999  INFO 12844 --- [Thread-10] com.zaxxer.hikari.HikariDataSource       : HikariPool-2 - Shutdown initiated...
2019-08-02 16:25:07.015  INFO 12844 --- [Thread-10] com.zaxxer.hikari.HikariDataSource       : HikariPool-2 - Shutdown completed.
2019-08-02 16:25:08.506  INFO 12844 --- [restartedMain] com.app.WareHouseBootApplication         : Starting WareHouseBootApplication on IncredibleSRV with PID 12844 (C:\Users\The_Incredible_Srv\Documents\spring\springBoot\Extra\WareHouseBoot\target\classes started by The_Incredible_Srv in C:\Users\The_Incredible_Srv\Documents\spring\springBoot\Extra\WareHouseBoot)
2019-08-02 16:25:08.506 DEBUG 12844 --- [restartedMain] com.app.WareHouseBootApplication         : Running with Spring Boot v2.1.6.RELEASE, Spring v5.1.8.RELEASE
2019-08-02 16:25:08.506  INFO 12844 --- [restartedMain] com.app.WareHouseBootApplication         : The following profiles are active: appMsg,dev
2019-08-02 16:25:10.069  INFO 12844 --- [restartedMain] .s.d.r.c.RepositoryConfigurationDelegate : Bootstrapping Spring Data repositories in DEFAULT mode.
2019-08-02 16:25:10.442  INFO 12844 --- [restartedMain] .s.d.r.c.RepositoryConfigurationDelegate : Finished Spring Data repository scanning in 361ms. Found 13 repository interfaces.
2019-08-02 16:25:10.707  INFO 12844 --- [restartedMain] trationDelegate$BeanPostProcessorChecker : Bean 'org.springframework.transaction.annotation.ProxyTransactionManagementConfiguration' of type [org.springframework.transaction.annotation.ProxyTransactionManagementConfiguration$$EnhancerBySpringCGLIB$$3f4e603e] is not eligible for getting processed by all BeanPostProcessors (for example: not eligible for auto-proxying)
2019-08-02 16:25:11.223  INFO 12844 --- [restartedMain] o.s.b.w.embedded.tomcat.TomcatWebServer  : Tomcat initialized with port(s): 7070 (http)
2019-08-02 16:25:11.240  INFO 12844 --- [restartedMain] o.apache.catalina.core.StandardService   : Starting service [Tomcat]
2019-08-02 16:25:11.240  INFO 12844 --- [restartedMain] org.apache.catalina.core.StandardEngine  : Starting Servlet engine: [Apache Tomcat/9.0.21]
2019-08-02 16:25:11.303  INFO 12844 --- [restartedMain] o.a.c.c.C.[.[localhost].[/warehouse]     : Initializing Spring embedded WebApplicationContext
2019-08-02 16:25:11.303  INFO 12844 --- [restartedMain] o.s.web.context.ContextLoader            : Root WebApplicationContext: initialization completed in 2781 ms
2019-08-02 16:25:11.521  INFO 12844 --- [restartedMain] com.zaxxer.hikari.HikariDataSource       : HikariPool-3 - Starting...
2019-08-02 16:25:11.537  INFO 12844 --- [restartedMain] com.zaxxer.hikari.HikariDataSource       : HikariPool-3 - Start completed.
2019-08-02 16:25:11.631  INFO 12844 --- [restartedMain] o.hibernate.jpa.internal.util.LogHelper  : HHH000204: Processing PersistenceUnitInfo [
	name: default
	...]
2019-08-02 16:25:11.850  INFO 12844 --- [restartedMain] org.hibernate.dialect.Dialect            : HHH000400: Using dialect: org.hibernate.dialect.MySQL5Dialect
2019-08-02 16:25:14.297  INFO 12844 --- [restartedMain] j.LocalContainerEntityManagerFactoryBean : Initialized JPA EntityManagerFactory for persistence unit 'default'
2019-08-02 16:25:14.344  INFO 12844 --- [restartedMain] o.s.b.d.a.OptionalLiveReloadServer       : LiveReload server is running on port 35729
2019-08-02 16:25:14.453  INFO 12844 --- [restartedMain] o.h.h.i.QueryTranslatorFactoryInitiator  : HHH000397: Using ASTQueryTranslatorFactory
2019-08-02 16:25:15.781  INFO 12844 --- [restartedMain] o.s.s.concurrent.ThreadPoolTaskExecutor  : Initializing ExecutorService 'applicationTaskExecutor'
2019-08-02 16:25:15.822  WARN 12844 --- [restartedMain] aWebConfiguration$JpaWebMvcConfiguration : spring.jpa.open-in-view is enabled by default. Therefore, database queries may be performed during view rendering. Explicitly configure spring.jpa.open-in-view to disable this warning
2019-08-02 16:25:16.666  INFO 12844 --- [restartedMain] o.s.b.w.embedded.tomcat.TomcatWebServer  : Tomcat started on port(s): 7070 (http) with context path '/warehouse'
2019-08-02 16:25:16.666  INFO 12844 --- [restartedMain] com.app.WareHouseBootApplication         : Started WareHouseBootApplication in 8.355 seconds (JVM running for 12162.234)
2019-08-02 16:25:16.682  INFO 12844 --- [restartedMain] .ConditionEvaluationDeltaLoggingListener : Condition evaluation unchanged
2019-08-02 16:26:25.732  INFO 12844 --- [Thread-16] o.s.s.concurrent.ThreadPoolTaskExecutor  : Shutting down ExecutorService 'applicationTaskExecutor'
2019-08-02 16:26:25.746  INFO 12844 --- [Thread-16] j.LocalContainerEntityManagerFactoryBean : Closing JPA EntityManagerFactory for persistence unit 'default'
2019-08-02 16:26:25.746  INFO 12844 --- [Thread-16] com.zaxxer.hikari.HikariDataSource       : HikariPool-3 - Shutdown initiated...
2019-08-02 16:26:25.762  INFO 12844 --- [Thread-16] com.zaxxer.hikari.HikariDataSource       : HikariPool-3 - Shutdown completed.
2019-08-02 16:26:27.390  INFO 12844 --- [restartedMain] com.app.WareHouseBootApplication         : Starting WareHouseBootApplication on IncredibleSRV with PID 12844 (C:\Users\The_Incredible_Srv\Documents\spring\springBoot\Extra\WareHouseBoot\target\classes started by The_Incredible_Srv in C:\Users\The_Incredible_Srv\Documents\spring\springBoot\Extra\WareHouseBoot)
2019-08-02 16:26:27.390 DEBUG 12844 --- [restartedMain] com.app.WareHouseBootApplication         : Running with Spring Boot v2.1.6.RELEASE, Spring v5.1.8.RELEASE
2019-08-02 16:26:27.390  INFO 12844 --- [restartedMain] com.app.WareHouseBootApplication         : The following profiles are active: appMsg,dev
2019-08-02 16:26:28.906  INFO 12844 --- [restartedMain] .s.d.r.c.RepositoryConfigurationDelegate : Bootstrapping Spring Data repositories in DEFAULT mode.
2019-08-02 16:26:29.257  INFO 12844 --- [restartedMain] .s.d.r.c.RepositoryConfigurationDelegate : Finished Spring Data repository scanning in 345ms. Found 13 repository interfaces.
2019-08-02 16:26:29.507  INFO 12844 --- [restartedMain] trationDelegate$BeanPostProcessorChecker : Bean 'org.springframework.transaction.annotation.ProxyTransactionManagementConfiguration' of type [org.springframework.transaction.annotation.ProxyTransactionManagementConfiguration$$EnhancerBySpringCGLIB$$3f4e603e] is not eligible for getting processed by all BeanPostProcessors (for example: not eligible for auto-proxying)
2019-08-02 16:26:29.991  INFO 12844 --- [restartedMain] o.s.b.w.embedded.tomcat.TomcatWebServer  : Tomcat initialized with port(s): 7070 (http)
2019-08-02 16:26:30.007  INFO 12844 --- [restartedMain] o.apache.catalina.core.StandardService   : Starting service [Tomcat]
2019-08-02 16:26:30.007  INFO 12844 --- [restartedMain] org.apache.catalina.core.StandardEngine  : Starting Servlet engine: [Apache Tomcat/9.0.21]
2019-08-02 16:26:30.069  INFO 12844 --- [restartedMain] o.a.c.c.C.[.[localhost].[/warehouse]     : Initializing Spring embedded WebApplicationContext
2019-08-02 16:26:30.069  INFO 12844 --- [restartedMain] o.s.web.context.ContextLoader            : Root WebApplicationContext: initialization completed in 2664 ms
2019-08-02 16:26:30.288  INFO 12844 --- [restartedMain] com.zaxxer.hikari.HikariDataSource       : HikariPool-4 - Starting...
2019-08-02 16:26:30.304  INFO 12844 --- [restartedMain] com.zaxxer.hikari.HikariDataSource       : HikariPool-4 - Start completed.
2019-08-02 16:26:30.397  INFO 12844 --- [restartedMain] o.hibernate.jpa.internal.util.LogHelper  : HHH000204: Processing PersistenceUnitInfo [
	name: default
	...]
2019-08-02 16:26:30.600  INFO 12844 --- [restartedMain] org.hibernate.dialect.Dialect            : HHH000400: Using dialect: org.hibernate.dialect.MySQL5Dialect
2019-08-02 16:26:33.079  INFO 12844 --- [restartedMain] j.LocalContainerEntityManagerFactoryBean : Initialized JPA EntityManagerFactory for persistence unit 'default'
2019-08-02 16:26:33.141  INFO 12844 --- [restartedMain] o.s.b.d.a.OptionalLiveReloadServer       : LiveReload server is running on port 35729
2019-08-02 16:26:33.250  INFO 12844 --- [restartedMain] o.h.h.i.QueryTranslatorFactoryInitiator  : HHH000397: Using ASTQueryTranslatorFactory
2019-08-02 16:26:34.469  INFO 12844 --- [restartedMain] o.s.s.concurrent.ThreadPoolTaskExecutor  : Initializing ExecutorService 'applicationTaskExecutor'
2019-08-02 16:26:34.512  WARN 12844 --- [restartedMain] aWebConfiguration$JpaWebMvcConfiguration : spring.jpa.open-in-view is enabled by default. Therefore, database queries may be performed during view rendering. Explicitly configure spring.jpa.open-in-view to disable this warning
2019-08-02 16:26:35.325  INFO 12844 --- [restartedMain] o.s.b.w.embedded.tomcat.TomcatWebServer  : Tomcat started on port(s): 7070 (http) with context path '/warehouse'
2019-08-02 16:26:35.325  INFO 12844 --- [restartedMain] com.app.WareHouseBootApplication         : Started WareHouseBootApplication in 8.094 seconds (JVM running for 12240.886)
2019-08-02 16:26:35.325  INFO 12844 --- [restartedMain] .ConditionEvaluationDeltaLoggingListener : Condition evaluation unchanged
2019-08-02 16:27:37.908  INFO 12844 --- [http-nio-7070-exec-1] o.a.c.c.C.[.[localhost].[/warehouse]     : Initializing Spring DispatcherServlet 'dispatcherServlet'
2019-08-02 16:27:37.920  INFO 12844 --- [http-nio-7070-exec-1] o.s.web.servlet.DispatcherServlet        : Initializing Servlet 'dispatcherServlet'
2019-08-02 16:27:37.937  INFO 12844 --- [http-nio-7070-exec-1] o.s.web.servlet.DispatcherServlet        : Completed initialization in 16 ms
2019-08-02 16:27:38.030  INFO 12844 --- [http-nio-7070-exec-1] com.app.controller.WhUserController      : 
2019-08-02 16:27:43.634  INFO 12844 --- [http-nio-7070-exec-2] com.app.controller.WhUserController      : 
2019-08-02 16:27:48.557  INFO 12844 --- [http-nio-7070-exec-3] com.app.controller.WhUserController      : 
2019-08-02 16:27:50.773  INFO 12844 --- [http-nio-7070-exec-4] com.app.controller.WhUserController      : 
2019-08-02 16:27:51.055  INFO 12844 --- [http-nio-7070-exec-7] com.app.controller.WhUserController      : entered into user registration
2019-08-02 16:27:51.086  INFO 12844 --- [http-nio-7070-exec-7] com.app.controller.WhUserController      : Registration failed ! Error occured in form
2019-08-02 16:32:00.639  WARN 12844 --- [http-nio-7070-exec-6] .w.s.m.s.DefaultHandlerExceptionResolver : Resolved [org.springframework.web.HttpRequestMethodNotSupportedException: Request method 'GET' not supported]
2019-08-02 16:32:09.905  INFO 12844 --- [http-nio-7070-exec-8] com.app.controller.WhUserController      : entered into user registration
2019-08-02 16:32:09.905  INFO 12844 --- [http-nio-7070-exec-8] com.app.controller.WhUserController      : Registration failed ! Error occured in form
2019-08-02 16:32:36.793  INFO 12844 --- [http-nio-7070-exec-7] com.app.controller.WhUserController      : entered into user registration
2019-08-02 16:32:36.793  INFO 12844 --- [http-nio-7070-exec-7] com.app.controller.WhUserController      : Registration failed ! Error occured in form
2019-08-02 16:39:33.120  INFO 12844 --- [Thread-22] o.s.s.concurrent.ThreadPoolTaskExecutor  : Shutting down ExecutorService 'applicationTaskExecutor'
2019-08-02 16:39:33.125  INFO 12844 --- [Thread-22] j.LocalContainerEntityManagerFactoryBean : Closing JPA EntityManagerFactory for persistence unit 'default'
2019-08-02 16:39:33.125  INFO 12844 --- [Thread-22] com.zaxxer.hikari.HikariDataSource       : HikariPool-4 - Shutdown initiated...
2019-08-02 16:39:33.141  INFO 12844 --- [Thread-22] com.zaxxer.hikari.HikariDataSource       : HikariPool-4 - Shutdown completed.
2019-08-02 16:39:34.590  INFO 12844 --- [restartedMain] com.app.WareHouseBootApplication         : Starting WareHouseBootApplication on IncredibleSRV with PID 12844 (C:\Users\The_Incredible_Srv\Documents\spring\springBoot\Extra\WareHouseBoot\target\classes started by The_Incredible_Srv in C:\Users\The_Incredible_Srv\Documents\spring\springBoot\Extra\WareHouseBoot)
2019-08-02 16:39:34.590 DEBUG 12844 --- [restartedMain] com.app.WareHouseBootApplication         : Running with Spring Boot v2.1.6.RELEASE, Spring v5.1.8.RELEASE
2019-08-02 16:39:34.590  INFO 12844 --- [restartedMain] com.app.WareHouseBootApplication         : The following profiles are active: appMsg,dev
2019-08-02 16:39:35.997  INFO 12844 --- [restartedMain] .s.d.r.c.RepositoryConfigurationDelegate : Bootstrapping Spring Data repositories in DEFAULT mode.
2019-08-02 16:39:36.330  INFO 12844 --- [restartedMain] .s.d.r.c.RepositoryConfigurationDelegate : Finished Spring Data repository scanning in 330ms. Found 13 repository interfaces.
2019-08-02 16:39:36.579  INFO 12844 --- [restartedMain] trationDelegate$BeanPostProcessorChecker : Bean 'org.springframework.transaction.annotation.ProxyTransactionManagementConfiguration' of type [org.springframework.transaction.annotation.ProxyTransactionManagementConfiguration$$EnhancerBySpringCGLIB$$3f4e603e] is not eligible for getting processed by all BeanPostProcessors (for example: not eligible for auto-proxying)
2019-08-02 16:39:37.064  INFO 12844 --- [restartedMain] o.s.b.w.embedded.tomcat.TomcatWebServer  : Tomcat initialized with port(s): 7070 (http)
2019-08-02 16:39:37.066  INFO 12844 --- [restartedMain] o.apache.catalina.core.StandardService   : Starting service [Tomcat]
2019-08-02 16:39:37.066  INFO 12844 --- [restartedMain] org.apache.catalina.core.StandardEngine  : Starting Servlet engine: [Apache Tomcat/9.0.21]
2019-08-02 16:39:37.129  INFO 12844 --- [restartedMain] o.a.c.c.C.[.[localhost].[/warehouse]     : Initializing Spring embedded WebApplicationContext
2019-08-02 16:39:37.129  INFO 12844 --- [restartedMain] o.s.web.context.ContextLoader            : Root WebApplicationContext: initialization completed in 2523 ms
2019-08-02 16:39:37.332  INFO 12844 --- [restartedMain] com.zaxxer.hikari.HikariDataSource       : HikariPool-5 - Starting...
2019-08-02 16:39:37.347  INFO 12844 --- [restartedMain] com.zaxxer.hikari.HikariDataSource       : HikariPool-5 - Start completed.
2019-08-02 16:39:37.441  INFO 12844 --- [restartedMain] o.hibernate.jpa.internal.util.LogHelper  : HHH000204: Processing PersistenceUnitInfo [
	name: default
	...]
2019-08-02 16:39:37.644  INFO 12844 --- [restartedMain] org.hibernate.dialect.Dialect            : HHH000400: Using dialect: org.hibernate.dialect.MySQL5Dialect
2019-08-02 16:39:40.017  INFO 12844 --- [restartedMain] j.LocalContainerEntityManagerFactoryBean : Initialized JPA EntityManagerFactory for persistence unit 'default'
2019-08-02 16:39:40.080  INFO 12844 --- [restartedMain] o.s.b.d.a.OptionalLiveReloadServer       : LiveReload server is running on port 35729
2019-08-02 16:39:40.283  INFO 12844 --- [restartedMain] o.h.h.i.QueryTranslatorFactoryInitiator  : HHH000397: Using ASTQueryTranslatorFactory
2019-08-02 16:39:41.673  INFO 12844 --- [restartedMain] o.s.s.concurrent.ThreadPoolTaskExecutor  : Initializing ExecutorService 'applicationTaskExecutor'
2019-08-02 16:39:41.743  WARN 12844 --- [restartedMain] aWebConfiguration$JpaWebMvcConfiguration : spring.jpa.open-in-view is enabled by default. Therefore, database queries may be performed during view rendering. Explicitly configure spring.jpa.open-in-view to disable this warning
2019-08-02 16:39:42.774  INFO 12844 --- [restartedMain] o.s.b.w.embedded.tomcat.TomcatWebServer  : Tomcat started on port(s): 7070 (http) with context path '/warehouse'
2019-08-02 16:39:42.787  INFO 12844 --- [restartedMain] com.app.WareHouseBootApplication         : Started WareHouseBootApplication in 8.349 seconds (JVM running for 13028.342)
2019-08-02 16:39:42.787  INFO 12844 --- [restartedMain] .ConditionEvaluationDeltaLoggingListener : Condition evaluation unchanged
2019-08-02 16:39:46.631  INFO 12844 --- [http-nio-7070-exec-1] o.a.c.c.C.[.[localhost].[/warehouse]     : Initializing Spring DispatcherServlet 'dispatcherServlet'
2019-08-02 16:39:46.642  INFO 12844 --- [http-nio-7070-exec-1] o.s.web.servlet.DispatcherServlet        : Initializing Servlet 'dispatcherServlet'
2019-08-02 16:39:46.644  INFO 12844 --- [http-nio-7070-exec-1] o.s.web.servlet.DispatcherServlet        : Completed initialization in 2 ms
2019-08-02 16:39:46.691  INFO 12844 --- [http-nio-7070-exec-1] com.app.controller.WhUserController      : entered into user registration
2019-08-02 16:39:46.691  INFO 12844 --- [http-nio-7070-exec-1] com.app.controller.WhUserController      : Registration failed ! Error occured in form
2019-08-02 16:40:01.500  INFO 12844 --- [http-nio-7070-exec-8] com.app.controller.WhUserController      : 
2019-08-02 16:40:01.672  INFO 12844 --- [http-nio-7070-exec-3] com.app.controller.WhUserController      : entered into user registration
2019-08-02 16:40:01.672  INFO 12844 --- [http-nio-7070-exec-3] com.app.controller.WhUserController      : Registration failed ! Error occured in form
2019-08-02 16:40:20.156  INFO 12844 --- [http-nio-7070-exec-10] com.app.controller.WhUserController      : 
2019-08-02 16:40:20.359  INFO 12844 --- [http-nio-7070-exec-7] com.app.controller.WhUserController      : entered into user registration
2019-08-02 16:40:20.359  INFO 12844 --- [http-nio-7070-exec-7] com.app.controller.WhUserController      : Registration failed ! Error occured in form
2019-08-02 16:43:37.501  INFO 12844 --- [Thread-28] o.s.s.concurrent.ThreadPoolTaskExecutor  : Shutting down ExecutorService 'applicationTaskExecutor'
2019-08-02 16:43:37.516  INFO 12844 --- [Thread-28] j.LocalContainerEntityManagerFactoryBean : Closing JPA EntityManagerFactory for persistence unit 'default'
2019-08-02 16:43:37.516  INFO 12844 --- [Thread-28] com.zaxxer.hikari.HikariDataSource       : HikariPool-5 - Shutdown initiated...
2019-08-02 16:43:37.531  INFO 12844 --- [Thread-28] com.zaxxer.hikari.HikariDataSource       : HikariPool-5 - Shutdown completed.
2019-08-02 16:43:38.988  INFO 12844 --- [restartedMain] com.app.WareHouseBootApplication         : Starting WareHouseBootApplication on IncredibleSRV with PID 12844 (C:\Users\The_Incredible_Srv\Documents\spring\springBoot\Extra\WareHouseBoot\target\classes started by The_Incredible_Srv in C:\Users\The_Incredible_Srv\Documents\spring\springBoot\Extra\WareHouseBoot)
2019-08-02 16:43:38.988 DEBUG 12844 --- [restartedMain] com.app.WareHouseBootApplication         : Running with Spring Boot v2.1.6.RELEASE, Spring v5.1.8.RELEASE
2019-08-02 16:43:38.988  INFO 12844 --- [restartedMain] com.app.WareHouseBootApplication         : The following profiles are active: appMsg,dev
2019-08-02 16:43:40.379  INFO 12844 --- [restartedMain] .s.d.r.c.RepositoryConfigurationDelegate : Bootstrapping Spring Data repositories in DEFAULT mode.
2019-08-02 16:43:40.754  INFO 12844 --- [restartedMain] .s.d.r.c.RepositoryConfigurationDelegate : Finished Spring Data repository scanning in 361ms. Found 13 repository interfaces.
2019-08-02 16:43:40.988  INFO 12844 --- [restartedMain] trationDelegate$BeanPostProcessorChecker : Bean 'org.springframework.transaction.annotation.ProxyTransactionManagementConfiguration' of type [org.springframework.transaction.annotation.ProxyTransactionManagementConfiguration$$EnhancerBySpringCGLIB$$3f4e603e] is not eligible for getting processed by all BeanPostProcessors (for example: not eligible for auto-proxying)
2019-08-02 16:43:41.488  INFO 12844 --- [restartedMain] o.s.b.w.embedded.tomcat.TomcatWebServer  : Tomcat initialized with port(s): 7070 (http)
2019-08-02 16:43:41.499  INFO 12844 --- [restartedMain] o.apache.catalina.core.StandardService   : Starting service [Tomcat]
2019-08-02 16:43:41.499  INFO 12844 --- [restartedMain] org.apache.catalina.core.StandardEngine  : Starting Servlet engine: [Apache Tomcat/9.0.21]
2019-08-02 16:43:41.593  INFO 12844 --- [restartedMain] o.a.c.c.C.[.[localhost].[/warehouse]     : Initializing Spring embedded WebApplicationContext
2019-08-02 16:43:41.593  INFO 12844 --- [restartedMain] o.s.web.context.ContextLoader            : Root WebApplicationContext: initialization completed in 2589 ms
2019-08-02 16:43:41.906  INFO 12844 --- [restartedMain] com.zaxxer.hikari.HikariDataSource       : HikariPool-6 - Starting...
2019-08-02 16:43:41.906  INFO 12844 --- [restartedMain] com.zaxxer.hikari.HikariDataSource       : HikariPool-6 - Start completed.
2019-08-02 16:43:41.999  INFO 12844 --- [restartedMain] o.hibernate.jpa.internal.util.LogHelper  : HHH000204: Processing PersistenceUnitInfo [
	name: default
	...]
2019-08-02 16:43:42.187  INFO 12844 --- [restartedMain] org.hibernate.dialect.Dialect            : HHH000400: Using dialect: org.hibernate.dialect.MySQL5Dialect
2019-08-02 16:43:44.484  INFO 12844 --- [restartedMain] j.LocalContainerEntityManagerFactoryBean : Initialized JPA EntityManagerFactory for persistence unit 'default'
2019-08-02 16:43:44.531  INFO 12844 --- [restartedMain] o.s.b.d.a.OptionalLiveReloadServer       : LiveReload server is running on port 35729
2019-08-02 16:43:44.640  INFO 12844 --- [restartedMain] o.h.h.i.QueryTranslatorFactoryInitiator  : HHH000397: Using ASTQueryTranslatorFactory
2019-08-02 16:43:45.812  INFO 12844 --- [restartedMain] o.s.s.concurrent.ThreadPoolTaskExecutor  : Initializing ExecutorService 'applicationTaskExecutor'
2019-08-02 16:43:45.855  WARN 12844 --- [restartedMain] aWebConfiguration$JpaWebMvcConfiguration : spring.jpa.open-in-view is enabled by default. Therefore, database queries may be performed during view rendering. Explicitly configure spring.jpa.open-in-view to disable this warning
2019-08-02 16:43:46.637  INFO 12844 --- [restartedMain] o.s.b.w.embedded.tomcat.TomcatWebServer  : Tomcat started on port(s): 7070 (http) with context path '/warehouse'
2019-08-02 16:43:46.637  INFO 12844 --- [restartedMain] com.app.WareHouseBootApplication         : Started WareHouseBootApplication in 7.793 seconds (JVM running for 13272.206)
2019-08-02 16:43:46.652  INFO 12844 --- [restartedMain] .ConditionEvaluationDeltaLoggingListener : Condition evaluation unchanged
2019-08-02 16:43:58.059  INFO 12844 --- [http-nio-7070-exec-1] o.a.c.c.C.[.[localhost].[/warehouse]     : Initializing Spring DispatcherServlet 'dispatcherServlet'
2019-08-02 16:43:58.059  INFO 12844 --- [http-nio-7070-exec-1] o.s.web.servlet.DispatcherServlet        : Initializing Servlet 'dispatcherServlet'
2019-08-02 16:43:58.093  INFO 12844 --- [http-nio-7070-exec-1] o.s.web.servlet.DispatcherServlet        : Completed initialization in 34 ms
2019-08-02 16:43:58.112  INFO 12844 --- [http-nio-7070-exec-1] com.app.controller.WhUserController      : entered into user registration
2019-08-02 16:43:58.112  INFO 12844 --- [http-nio-7070-exec-1] com.app.controller.WhUserController      : Registration failed ! Error occured in form
2019-08-02 16:44:31.456  INFO 12844 --- [http-nio-7070-exec-2] com.app.controller.WhUserController      : entered into user registration
2019-08-02 16:44:31.456  INFO 12844 --- [http-nio-7070-exec-2] com.app.controller.WhUserController      : Registration failed ! Error occured in form
2019-08-02 16:44:39.831  INFO 12844 --- [http-nio-7070-exec-7] com.app.controller.WhUserController      : entered into user registration
2019-08-02 16:44:39.840  INFO 12844 --- [http-nio-7070-exec-7] com.app.controller.WhUserController      : Registration failed ! Error occured in form
2019-08-02 16:52:04.616  INFO 12844 --- [Thread-34] o.s.s.concurrent.ThreadPoolTaskExecutor  : Shutting down ExecutorService 'applicationTaskExecutor'
2019-08-02 16:52:04.631  INFO 12844 --- [Thread-34] j.LocalContainerEntityManagerFactoryBean : Closing JPA EntityManagerFactory for persistence unit 'default'
2019-08-02 16:52:04.634  INFO 12844 --- [Thread-34] com.zaxxer.hikari.HikariDataSource       : HikariPool-6 - Shutdown initiated...
2019-08-02 16:52:04.634  INFO 12844 --- [Thread-34] com.zaxxer.hikari.HikariDataSource       : HikariPool-6 - Shutdown completed.
2019-08-02 16:52:06.711  INFO 12844 --- [restartedMain] com.app.WareHouseBootApplication         : Starting WareHouseBootApplication on IncredibleSRV with PID 12844 (C:\Users\The_Incredible_Srv\Documents\spring\springBoot\Extra\WareHouseBoot\target\classes started by The_Incredible_Srv in C:\Users\The_Incredible_Srv\Documents\spring\springBoot\Extra\WareHouseBoot)
2019-08-02 16:52:06.711 DEBUG 12844 --- [restartedMain] com.app.WareHouseBootApplication         : Running with Spring Boot v2.1.6.RELEASE, Spring v5.1.8.RELEASE
2019-08-02 16:52:06.711  INFO 12844 --- [restartedMain] com.app.WareHouseBootApplication         : The following profiles are active: appMsg,dev
2019-08-02 16:52:08.196  INFO 12844 --- [restartedMain] .s.d.r.c.RepositoryConfigurationDelegate : Bootstrapping Spring Data repositories in DEFAULT mode.
2019-08-02 16:52:08.547  INFO 12844 --- [restartedMain] .s.d.r.c.RepositoryConfigurationDelegate : Finished Spring Data repository scanning in 345ms. Found 13 repository interfaces.
2019-08-02 16:52:08.781  INFO 12844 --- [restartedMain] trationDelegate$BeanPostProcessorChecker : Bean 'org.springframework.transaction.annotation.ProxyTransactionManagementConfiguration' of type [org.springframework.transaction.annotation.ProxyTransactionManagementConfiguration$$EnhancerBySpringCGLIB$$3f4e603e] is not eligible for getting processed by all BeanPostProcessors (for example: not eligible for auto-proxying)
2019-08-02 16:52:09.375  INFO 12844 --- [restartedMain] o.s.b.w.embedded.tomcat.TomcatWebServer  : Tomcat initialized with port(s): 7070 (http)
2019-08-02 16:52:09.379  INFO 12844 --- [restartedMain] o.apache.catalina.core.StandardService   : Starting service [Tomcat]
2019-08-02 16:52:09.379  INFO 12844 --- [restartedMain] org.apache.catalina.core.StandardEngine  : Starting Servlet engine: [Apache Tomcat/9.0.21]
2019-08-02 16:52:09.442  INFO 12844 --- [restartedMain] o.a.c.c.C.[.[localhost].[/warehouse]     : Initializing Spring embedded WebApplicationContext
2019-08-02 16:52:09.442  INFO 12844 --- [restartedMain] o.s.web.context.ContextLoader            : Root WebApplicationContext: initialization completed in 2715 ms
2019-08-02 16:52:09.676  INFO 12844 --- [restartedMain] com.zaxxer.hikari.HikariDataSource       : HikariPool-7 - Starting...
2019-08-02 16:52:09.692  INFO 12844 --- [restartedMain] com.zaxxer.hikari.HikariDataSource       : HikariPool-7 - Start completed.
2019-08-02 16:52:09.786  INFO 12844 --- [restartedMain] o.hibernate.jpa.internal.util.LogHelper  : HHH000204: Processing PersistenceUnitInfo [
	name: default
	...]
2019-08-02 16:52:09.989  INFO 12844 --- [restartedMain] org.hibernate.dialect.Dialect            : HHH000400: Using dialect: org.hibernate.dialect.MySQL5Dialect
2019-08-02 16:52:12.305  INFO 12844 --- [restartedMain] j.LocalContainerEntityManagerFactoryBean : Initialized JPA EntityManagerFactory for persistence unit 'default'
2019-08-02 16:52:12.368  INFO 12844 --- [restartedMain] o.s.b.d.a.OptionalLiveReloadServer       : LiveReload server is running on port 35729
2019-08-02 16:52:12.477  INFO 12844 --- [restartedMain] o.h.h.i.QueryTranslatorFactoryInitiator  : HHH000397: Using ASTQueryTranslatorFactory
2019-08-02 16:52:13.649  INFO 12844 --- [restartedMain] o.s.s.concurrent.ThreadPoolTaskExecutor  : Initializing ExecutorService 'applicationTaskExecutor'
2019-08-02 16:52:13.689  WARN 12844 --- [restartedMain] aWebConfiguration$JpaWebMvcConfiguration : spring.jpa.open-in-view is enabled by default. Therefore, database queries may be performed during view rendering. Explicitly configure spring.jpa.open-in-view to disable this warning
2019-08-02 16:52:14.470  INFO 12844 --- [restartedMain] o.s.b.w.embedded.tomcat.TomcatWebServer  : Tomcat started on port(s): 7070 (http) with context path '/warehouse'
2019-08-02 16:52:14.470  INFO 12844 --- [restartedMain] com.app.WareHouseBootApplication         : Started WareHouseBootApplication in 7.903 seconds (JVM running for 13780.038)
2019-08-02 16:52:14.485  INFO 12844 --- [restartedMain] .ConditionEvaluationDeltaLoggingListener : Condition evaluation unchanged
2019-08-02 16:52:24.243  INFO 12844 --- [http-nio-7070-exec-1] o.a.c.c.C.[.[localhost].[/warehouse]     : Initializing Spring DispatcherServlet 'dispatcherServlet'
2019-08-02 16:52:24.257  INFO 12844 --- [http-nio-7070-exec-1] o.s.web.servlet.DispatcherServlet        : Initializing Servlet 'dispatcherServlet'
2019-08-02 16:52:24.258  INFO 12844 --- [http-nio-7070-exec-1] o.s.web.servlet.DispatcherServlet        : Completed initialization in 1 ms
2019-08-02 16:53:41.111  INFO 12844 --- [http-nio-7070-exec-5] com.app.controller.WhUserController      : 
2019-08-02 16:53:58.068  INFO 12844 --- [http-nio-7070-exec-6] com.app.controller.WhUserController      : 
2019-08-02 16:54:02.861  INFO 12844 --- [http-nio-7070-exec-8] com.app.controller.WhUserController      : 
2019-08-02 16:54:11.579  INFO 12844 --- [http-nio-7070-exec-10] com.app.controller.WhUserController      : 
2019-08-02 16:54:12.376  INFO 12844 --- [http-nio-7070-exec-7] com.app.controller.WhUserController      : entered into user registration
2019-08-02 16:54:12.376  INFO 12844 --- [http-nio-7070-exec-7] com.app.controller.WhUserController      : Registration failed ! Error occured in form
2019-08-02 16:54:23.330  INFO 12844 --- [http-nio-7070-exec-8] com.app.controller.WhUserController      : Id Number already exits .
2019-08-02 16:54:34.297  INFO 12844 --- [http-nio-7070-exec-7] com.app.controller.WhUserController      : 
2019-08-02 16:54:35.610  INFO 12844 --- [http-nio-7070-exec-1] com.app.controller.WhUserController      : entered into user registration
2019-08-02 16:54:35.845  INFO 12844 --- [http-nio-7070-exec-1] com.app.controller.WhUserController      :  User Registred Successfully
2019-08-02 16:58:54.501  INFO 12844 --- [http-nio-7070-exec-2] com.app.controller.WhUserController      : Excel Report Generated
2019-08-02 16:58:54.501 DEBUG 12844 --- [http-nio-7070-exec-2] com.app.view.WhUserExcelView             : View [WhUserExcelView], model {list=[WhUser(whId=2, whType=Customer, whCode=Customer, whName=CUST, whFor=purchase, whEmail=cust@yahoo.com, whContact=9876214578, whIdType=Aadhar, whNum=1234 1234 1234), WhUser(whId=1, whType=Vendor, whCode=U11, whName=SAM, whFor=sale, whEmail=user@gmail.com, whContact=7890654321, whIdType=Pancard, whNum=JKLMX7854N), WhUser(whId=3, whType=Vendor, whCode=User121, whName=WorldTech, whFor=sale, whEmail=worldtech@gmail.com, whContact=8899778899, whIdType=Pancard, whNum=JKLMX7854M)]}
2019-08-02 16:59:34.168  INFO 12844 --- [http-nio-7070-exec-1] com.app.controller.WhUserController      : Pdf Report Generated
2019-08-02 16:59:34.168 DEBUG 12844 --- [http-nio-7070-exec-1] com.app.view.WhUserPdfView               : View [WhUserPdfView], model {list=[WhUser(whId=2, whType=Customer, whCode=Customer, whName=CUST, whFor=purchase, whEmail=cust@yahoo.com, whContact=9876214578, whIdType=Aadhar, whNum=1234 1234 1234)]}
2019-08-02 16:59:37.684  INFO 12844 --- [http-nio-7070-exec-3] com.app.controller.WhUserController      : Pdf Report Generated
2019-08-02 16:59:37.684 DEBUG 12844 --- [http-nio-7070-exec-3] com.app.view.WhUserPdfView               : View [WhUserPdfView], model {list=[WhUser(whId=2, whType=Customer, whCode=Customer, whName=CUST, whFor=purchase, whEmail=cust@yahoo.com, whContact=9876214578, whIdType=Aadhar, whNum=1234 1234 1234)]}
2019-08-02 17:00:10.955  INFO 12844 --- [http-nio-7070-exec-8] com.app.controller.WhUserController      : Charts Generated
2019-08-02 17:00:55.807  INFO 12844 --- [http-nio-7070-exec-1] com.app.controller.WhUserController      : Charts Generated
2019-08-02 17:02:52.758  INFO 12844 --- [Thread-40] o.s.s.concurrent.ThreadPoolTaskExecutor  : Shutting down ExecutorService 'applicationTaskExecutor'
2019-08-02 17:02:52.767  INFO 12844 --- [Thread-40] j.LocalContainerEntityManagerFactoryBean : Closing JPA EntityManagerFactory for persistence unit 'default'
2019-08-02 17:02:52.767  INFO 12844 --- [Thread-40] com.zaxxer.hikari.HikariDataSource       : HikariPool-7 - Shutdown initiated...
2019-08-02 17:02:52.767  INFO 12844 --- [Thread-40] com.zaxxer.hikari.HikariDataSource       : HikariPool-7 - Shutdown completed.
2019-08-02 17:02:54.401  INFO 12844 --- [restartedMain] com.app.WareHouseBootApplication         : Starting WareHouseBootApplication on IncredibleSRV with PID 12844 (C:\Users\The_Incredible_Srv\Documents\spring\springBoot\Extra\WareHouseBoot\target\classes started by The_Incredible_Srv in C:\Users\The_Incredible_Srv\Documents\spring\springBoot\Extra\WareHouseBoot)
2019-08-02 17:02:54.401 DEBUG 12844 --- [restartedMain] com.app.WareHouseBootApplication         : Running with Spring Boot v2.1.6.RELEASE, Spring v5.1.8.RELEASE
2019-08-02 17:02:54.401  INFO 12844 --- [restartedMain] com.app.WareHouseBootApplication         : The following profiles are active: appMsg,dev
2019-08-02 17:02:55.901  INFO 12844 --- [restartedMain] .s.d.r.c.RepositoryConfigurationDelegate : Bootstrapping Spring Data repositories in DEFAULT mode.
2019-08-02 17:02:56.258  INFO 12844 --- [restartedMain] .s.d.r.c.RepositoryConfigurationDelegate : Finished Spring Data repository scanning in 346ms. Found 13 repository interfaces.
2019-08-02 17:02:56.649  INFO 12844 --- [restartedMain] trationDelegate$BeanPostProcessorChecker : Bean 'org.springframework.transaction.annotation.ProxyTransactionManagementConfiguration' of type [org.springframework.transaction.annotation.ProxyTransactionManagementConfiguration$$EnhancerBySpringCGLIB$$3f4e603e] is not eligible for getting processed by all BeanPostProcessors (for example: not eligible for auto-proxying)
2019-08-02 17:02:57.149  INFO 12844 --- [restartedMain] o.s.b.w.embedded.tomcat.TomcatWebServer  : Tomcat initialized with port(s): 7070 (http)
2019-08-02 17:02:57.166  INFO 12844 --- [restartedMain] o.apache.catalina.core.StandardService   : Starting service [Tomcat]
2019-08-02 17:02:57.166  INFO 12844 --- [restartedMain] org.apache.catalina.core.StandardEngine  : Starting Servlet engine: [Apache Tomcat/9.0.21]
2019-08-02 17:02:57.229  INFO 12844 --- [restartedMain] o.a.c.c.C.[.[localhost].[/warehouse]     : Initializing Spring embedded WebApplicationContext
2019-08-02 17:02:57.229  INFO 12844 --- [restartedMain] o.s.web.context.ContextLoader            : Root WebApplicationContext: initialization completed in 2813 ms
2019-08-02 17:02:57.479  INFO 12844 --- [restartedMain] com.zaxxer.hikari.HikariDataSource       : HikariPool-8 - Starting...
2019-08-02 17:02:57.495  INFO 12844 --- [restartedMain] com.zaxxer.hikari.HikariDataSource       : HikariPool-8 - Start completed.
2019-08-02 17:02:57.588  INFO 12844 --- [restartedMain] o.hibernate.jpa.internal.util.LogHelper  : HHH000204: Processing PersistenceUnitInfo [
	name: default
	...]
2019-08-02 17:02:57.760  INFO 12844 --- [restartedMain] org.hibernate.dialect.Dialect            : HHH000400: Using dialect: org.hibernate.dialect.MySQL5Dialect
2019-08-02 17:03:00.171  INFO 12844 --- [restartedMain] j.LocalContainerEntityManagerFactoryBean : Initialized JPA EntityManagerFactory for persistence unit 'default'
2019-08-02 17:03:00.233  INFO 12844 --- [restartedMain] o.s.b.d.a.OptionalLiveReloadServer       : LiveReload server is running on port 35729
2019-08-02 17:03:00.343  INFO 12844 --- [restartedMain] o.h.h.i.QueryTranslatorFactoryInitiator  : HHH000397: Using ASTQueryTranslatorFactory
2019-08-02 17:03:01.608  INFO 12844 --- [restartedMain] o.s.s.concurrent.ThreadPoolTaskExecutor  : Initializing ExecutorService 'applicationTaskExecutor'
2019-08-02 17:03:01.654  WARN 12844 --- [restartedMain] aWebConfiguration$JpaWebMvcConfiguration : spring.jpa.open-in-view is enabled by default. Therefore, database queries may be performed during view rendering. Explicitly configure spring.jpa.open-in-view to disable this warning
2019-08-02 17:03:02.482  INFO 12844 --- [restartedMain] o.s.b.w.embedded.tomcat.TomcatWebServer  : Tomcat started on port(s): 7070 (http) with context path '/warehouse'
2019-08-02 17:03:02.482  INFO 12844 --- [restartedMain] com.app.WareHouseBootApplication         : Started WareHouseBootApplication in 8.233 seconds (JVM running for 14428.046)
2019-08-02 17:03:02.498  INFO 12844 --- [restartedMain] .ConditionEvaluationDeltaLoggingListener : Condition evaluation unchanged
2019-08-02 17:04:41.284  INFO 12844 --- [http-nio-7070-exec-1] o.a.c.c.C.[.[localhost].[/warehouse]     : Initializing Spring DispatcherServlet 'dispatcherServlet'
2019-08-02 17:04:41.300  INFO 12844 --- [http-nio-7070-exec-1] o.s.web.servlet.DispatcherServlet        : Initializing Servlet 'dispatcherServlet'
2019-08-02 17:04:41.315  INFO 12844 --- [http-nio-7070-exec-1] o.s.web.servlet.DispatcherServlet        : Completed initialization in 15 ms
2019-08-02 17:05:24.175  WARN 12844 --- [http-nio-7070-exec-1] .w.s.m.s.DefaultHandlerExceptionResolver : Resolved [org.springframework.web.method.annotation.MethodArgumentTypeMismatchException: Failed to convert value of type 'java.lang.String' to required type 'java.lang.Integer'; nested exception is java.lang.NumberFormatException: For input string: "check"]
2019-08-02 17:05:28.493  WARN 12844 --- [http-nio-7070-exec-5] .w.s.m.s.DefaultHandlerExceptionResolver : Resolved [org.springframework.web.method.annotation.MethodArgumentTypeMismatchException: Failed to convert value of type 'java.lang.String' to required type 'java.lang.Integer'; nested exception is java.lang.NumberFormatException: For input string: "update"]
2019-08-02 17:07:33.294  WARN 12844 --- [http-nio-7070-exec-2] .w.s.m.s.DefaultHandlerExceptionResolver : Resolved [org.springframework.web.method.annotation.MethodArgumentTypeMismatchException: Failed to convert value of type 'java.lang.String' to required type 'java.lang.Integer'; nested exception is java.lang.NumberFormatException: For input string: "check"]
2019-08-02 17:07:33.481  WARN 12844 --- [http-nio-7070-exec-7] .w.s.m.s.DefaultHandlerExceptionResolver : Resolved [org.springframework.web.method.annotation.MethodArgumentTypeMismatchException: Failed to convert value of type 'java.lang.String' to required type 'java.lang.Integer'; nested exception is java.lang.NumberFormatException: For input string: "update"]
2019-08-02 17:12:52.196  WARN 12844 --- [http-nio-7070-exec-9] .w.s.m.s.DefaultHandlerExceptionResolver : Resolved [org.springframework.web.method.annotation.MethodArgumentTypeMismatchException: Failed to convert value of type 'java.lang.String' to required type 'java.lang.Integer'; nested exception is java.lang.NumberFormatException: For input string: "update"]
2019-08-02 17:18:37.649  INFO 12844 --- [Thread-47] o.s.s.concurrent.ThreadPoolTaskExecutor  : Shutting down ExecutorService 'applicationTaskExecutor'
2019-08-02 17:18:37.659  INFO 12844 --- [Thread-47] j.LocalContainerEntityManagerFactoryBean : Closing JPA EntityManagerFactory for persistence unit 'default'
2019-08-02 17:18:37.659  INFO 12844 --- [Thread-47] com.zaxxer.hikari.HikariDataSource       : HikariPool-8 - Shutdown initiated...
2019-08-02 17:18:37.659  INFO 12844 --- [Thread-47] com.zaxxer.hikari.HikariDataSource       : HikariPool-8 - Shutdown completed.
2019-08-02 17:18:39.204  INFO 12844 --- [restartedMain] com.app.WareHouseBootApplication         : Starting WareHouseBootApplication on IncredibleSRV with PID 12844 (C:\Users\The_Incredible_Srv\Documents\spring\springBoot\Extra\WareHouseBoot\target\classes started by The_Incredible_Srv in C:\Users\The_Incredible_Srv\Documents\spring\springBoot\Extra\WareHouseBoot)
2019-08-02 17:18:39.204 DEBUG 12844 --- [restartedMain] com.app.WareHouseBootApplication         : Running with Spring Boot v2.1.6.RELEASE, Spring v5.1.8.RELEASE
2019-08-02 17:18:39.204  INFO 12844 --- [restartedMain] com.app.WareHouseBootApplication         : The following profiles are active: appMsg,dev
2019-08-02 17:18:40.642  INFO 12844 --- [restartedMain] .s.d.r.c.RepositoryConfigurationDelegate : Bootstrapping Spring Data repositories in DEFAULT mode.
2019-08-02 17:18:40.994  INFO 12844 --- [restartedMain] .s.d.r.c.RepositoryConfigurationDelegate : Finished Spring Data repository scanning in 345ms. Found 13 repository interfaces.
2019-08-02 17:18:41.228  INFO 12844 --- [restartedMain] trationDelegate$BeanPostProcessorChecker : Bean 'org.springframework.transaction.annotation.ProxyTransactionManagementConfiguration' of type [org.springframework.transaction.annotation.ProxyTransactionManagementConfiguration$$EnhancerBySpringCGLIB$$3f4e603e] is not eligible for getting processed by all BeanPostProcessors (for example: not eligible for auto-proxying)
2019-08-02 17:18:41.759  INFO 12844 --- [restartedMain] o.s.b.w.embedded.tomcat.TomcatWebServer  : Tomcat initialized with port(s): 7070 (http)
2019-08-02 17:18:41.764  INFO 12844 --- [restartedMain] o.apache.catalina.core.StandardService   : Starting service [Tomcat]
2019-08-02 17:18:41.764  INFO 12844 --- [restartedMain] org.apache.catalina.core.StandardEngine  : Starting Servlet engine: [Apache Tomcat/9.0.21]
2019-08-02 17:18:41.874  INFO 12844 --- [restartedMain] o.a.c.c.C.[.[localhost].[/warehouse]     : Initializing Spring embedded WebApplicationContext
2019-08-02 17:18:41.889  INFO 12844 --- [restartedMain] o.s.web.context.ContextLoader            : Root WebApplicationContext: initialization completed in 2669 ms
2019-08-02 17:18:42.108  INFO 12844 --- [restartedMain] com.zaxxer.hikari.HikariDataSource       : HikariPool-9 - Starting...
2019-08-02 17:18:42.124  INFO 12844 --- [restartedMain] com.zaxxer.hikari.HikariDataSource       : HikariPool-9 - Start completed.
2019-08-02 17:18:42.217  INFO 12844 --- [restartedMain] o.hibernate.jpa.internal.util.LogHelper  : HHH000204: Processing PersistenceUnitInfo [
	name: default
	...]
2019-08-02 17:18:42.405  INFO 12844 --- [restartedMain] org.hibernate.dialect.Dialect            : HHH000400: Using dialect: org.hibernate.dialect.MySQL5Dialect
2019-08-02 17:18:44.605  INFO 12844 --- [restartedMain] j.LocalContainerEntityManagerFactoryBean : Initialized JPA EntityManagerFactory for persistence unit 'default'
2019-08-02 17:18:44.652  INFO 12844 --- [restartedMain] o.s.b.d.a.OptionalLiveReloadServer       : LiveReload server is running on port 35729
2019-08-02 17:18:44.762  INFO 12844 --- [restartedMain] o.h.h.i.QueryTranslatorFactoryInitiator  : HHH000397: Using ASTQueryTranslatorFactory
2019-08-02 17:18:45.949  INFO 12844 --- [restartedMain] o.s.s.concurrent.ThreadPoolTaskExecutor  : Initializing ExecutorService 'applicationTaskExecutor'
2019-08-02 17:18:45.993  WARN 12844 --- [restartedMain] aWebConfiguration$JpaWebMvcConfiguration : spring.jpa.open-in-view is enabled by default. Therefore, database queries may be performed during view rendering. Explicitly configure spring.jpa.open-in-view to disable this warning
2019-08-02 17:18:46.806  INFO 12844 --- [restartedMain] o.s.b.w.embedded.tomcat.TomcatWebServer  : Tomcat started on port(s): 7070 (http) with context path '/warehouse'
2019-08-02 17:18:46.806  INFO 12844 --- [restartedMain] com.app.WareHouseBootApplication         : Started WareHouseBootApplication in 7.748 seconds (JVM running for 15372.372)
2019-08-02 17:18:46.821  INFO 12844 --- [restartedMain] .ConditionEvaluationDeltaLoggingListener : Condition evaluation unchanged
2019-08-02 17:19:05.327  INFO 12844 --- [http-nio-7070-exec-1] o.a.c.c.C.[.[localhost].[/warehouse]     : Initializing Spring DispatcherServlet 'dispatcherServlet'
2019-08-02 17:19:05.344  INFO 12844 --- [http-nio-7070-exec-1] o.s.web.servlet.DispatcherServlet        : Initializing Servlet 'dispatcherServlet'
2019-08-02 17:19:05.360  INFO 12844 --- [http-nio-7070-exec-1] o.s.web.servlet.DispatcherServlet        : Completed initialization in 16 ms
2019-08-02 17:19:05.360  WARN 12844 --- [http-nio-7070-exec-1] .w.s.m.s.DefaultHandlerExceptionResolver : Resolved [org.springframework.web.method.annotation.MethodArgumentTypeMismatchException: Failed to convert value of type 'java.lang.String' to required type 'java.lang.Integer'; nested exception is java.lang.NumberFormatException: For input string: "update"]
2019-08-02 17:20:13.567  WARN 12844 --- [http-nio-7070-exec-2] .w.s.m.s.DefaultHandlerExceptionResolver : Resolved [org.springframework.web.method.annotation.MethodArgumentTypeMismatchException: Failed to convert value of type 'java.lang.String' to required type 'java.lang.Integer'; nested exception is java.lang.NumberFormatException: For input string: "update"]
2019-08-02 17:25:29.276  WARN 12844 --- [http-nio-7070-exec-8] .w.s.m.s.DefaultHandlerExceptionResolver : Resolved [org.springframework.web.method.annotation.MethodArgumentTypeMismatchException: Failed to convert value of type 'java.lang.String' to required type 'java.lang.Integer'; nested exception is java.lang.NumberFormatException: For input string: "update"]
2019-08-02 17:26:22.203  INFO 12844 --- [http-nio-7070-exec-2] com.app.controller.WhUserController      : Entered into Update User WhUser(whId=2, whType=Customer, whCode=Customer, whName=CUST, whFor=purchase, whEmail=cust@yahoo.com, whContact=9876214578, whIdType=Aadhar, whNum=1234 5678 1234)
2019-08-02 17:26:22.291  INFO 12844 --- [http-nio-7070-exec-2] com.app.controller.WhUserController      : User Updated Successfully
2019-08-02 17:28:43.104  INFO 12844 --- [http-nio-7070-exec-9] com.app.controller.WhUserController      : Entered into Update User WhUser(whId=2, whType=Customer, whCode=Customer, whName=CUST, whFor=purchase, whEmail=cust@yahoo.com, whContact=9876214578, whIdType=Aadhar, whNum=1234 5678 1234)
2019-08-02 17:28:43.120  INFO 12844 --- [http-nio-7070-exec-9] com.app.controller.WhUserController      : User Updated Successfully
2019-08-02 17:42:32.868  INFO 12844 --- [Thread-53] o.s.s.concurrent.ThreadPoolTaskExecutor  : Shutting down ExecutorService 'applicationTaskExecutor'
2019-08-02 17:42:32.871  INFO 12844 --- [Thread-53] j.LocalContainerEntityManagerFactoryBean : Closing JPA EntityManagerFactory for persistence unit 'default'
2019-08-02 17:42:32.871  INFO 12844 --- [Thread-53] com.zaxxer.hikari.HikariDataSource       : HikariPool-9 - Shutdown initiated...
2019-08-02 17:42:32.871  INFO 12844 --- [Thread-53] com.zaxxer.hikari.HikariDataSource       : HikariPool-9 - Shutdown completed.
2019-08-02 17:42:34.186  INFO 12844 --- [restartedMain] com.app.WareHouseBootApplication         : Starting WareHouseBootApplication on IncredibleSRV with PID 12844 (C:\Users\The_Incredible_Srv\Documents\spring\springBoot\Extra\WareHouseBoot\target\classes started by The_Incredible_Srv in C:\Users\The_Incredible_Srv\Documents\spring\springBoot\Extra\WareHouseBoot)
2019-08-02 17:42:34.186 DEBUG 12844 --- [restartedMain] com.app.WareHouseBootApplication         : Running with Spring Boot v2.1.6.RELEASE, Spring v5.1.8.RELEASE
2019-08-02 17:42:34.186  INFO 12844 --- [restartedMain] com.app.WareHouseBootApplication         : The following profiles are active: appMsg,dev
2019-08-02 17:42:35.374  INFO 12844 --- [restartedMain] .s.d.r.c.RepositoryConfigurationDelegate : Bootstrapping Spring Data repositories in DEFAULT mode.
2019-08-02 17:42:35.670  INFO 12844 --- [restartedMain] .s.d.r.c.RepositoryConfigurationDelegate : Finished Spring Data repository scanning in 282ms. Found 13 repository interfaces.
2019-08-02 17:42:35.889  INFO 12844 --- [restartedMain] trationDelegate$BeanPostProcessorChecker : Bean 'org.springframework.transaction.annotation.ProxyTransactionManagementConfiguration' of type [org.springframework.transaction.annotation.ProxyTransactionManagementConfiguration$$EnhancerBySpringCGLIB$$3f4e603e] is not eligible for getting processed by all BeanPostProcessors (for example: not eligible for auto-proxying)
2019-08-02 17:42:36.451  INFO 12844 --- [restartedMain] o.s.b.w.embedded.tomcat.TomcatWebServer  : Tomcat initialized with port(s): 7070 (http)
2019-08-02 17:42:36.464  INFO 12844 --- [restartedMain] o.apache.catalina.core.StandardService   : Starting service [Tomcat]
2019-08-02 17:42:36.465  INFO 12844 --- [restartedMain] org.apache.catalina.core.StandardEngine  : Starting Servlet engine: [Apache Tomcat/9.0.21]
2019-08-02 17:42:36.512  INFO 12844 --- [restartedMain] o.a.c.c.C.[.[localhost].[/warehouse]     : Initializing Spring embedded WebApplicationContext
2019-08-02 17:42:36.512  INFO 12844 --- [restartedMain] o.s.web.context.ContextLoader            : Root WebApplicationContext: initialization completed in 2310 ms
2019-08-02 17:42:36.699  INFO 12844 --- [restartedMain] com.zaxxer.hikari.HikariDataSource       : HikariPool-10 - Starting...
2019-08-02 17:42:36.715  INFO 12844 --- [restartedMain] com.zaxxer.hikari.HikariDataSource       : HikariPool-10 - Start completed.
2019-08-02 17:42:36.793  INFO 12844 --- [restartedMain] o.hibernate.jpa.internal.util.LogHelper  : HHH000204: Processing PersistenceUnitInfo [
	name: default
	...]
2019-08-02 17:42:36.981  INFO 12844 --- [restartedMain] org.hibernate.dialect.Dialect            : HHH000400: Using dialect: org.hibernate.dialect.MySQL5Dialect
2019-08-02 17:42:39.001  INFO 12844 --- [restartedMain] j.LocalContainerEntityManagerFactoryBean : Initialized JPA EntityManagerFactory for persistence unit 'default'
2019-08-02 17:42:39.048  INFO 12844 --- [restartedMain] o.s.b.d.a.OptionalLiveReloadServer       : LiveReload server is running on port 35729
2019-08-02 17:42:39.142  INFO 12844 --- [restartedMain] o.h.h.i.QueryTranslatorFactoryInitiator  : HHH000397: Using ASTQueryTranslatorFactory
2019-08-02 17:42:40.189  INFO 12844 --- [restartedMain] o.s.s.concurrent.ThreadPoolTaskExecutor  : Initializing ExecutorService 'applicationTaskExecutor'
2019-08-02 17:42:40.209  WARN 12844 --- [restartedMain] aWebConfiguration$JpaWebMvcConfiguration : spring.jpa.open-in-view is enabled by default. Therefore, database queries may be performed during view rendering. Explicitly configure spring.jpa.open-in-view to disable this warning
2019-08-02 17:42:40.943  INFO 12844 --- [restartedMain] o.s.b.w.embedded.tomcat.TomcatWebServer  : Tomcat started on port(s): 7070 (http) with context path '/warehouse'
2019-08-02 17:42:40.943  INFO 12844 --- [restartedMain] com.app.WareHouseBootApplication         : Started WareHouseBootApplication in 6.878 seconds (JVM running for 16806.506)
2019-08-02 17:42:40.943  INFO 12844 --- [restartedMain] .ConditionEvaluationDeltaLoggingListener : Condition evaluation unchanged
2019-08-02 17:42:45.677  INFO 12844 --- [http-nio-7070-exec-1] o.a.c.c.C.[.[localhost].[/warehouse]     : Initializing Spring DispatcherServlet 'dispatcherServlet'
2019-08-02 17:42:45.688  INFO 12844 --- [http-nio-7070-exec-1] o.s.web.servlet.DispatcherServlet        : Initializing Servlet 'dispatcherServlet'
2019-08-02 17:42:45.690  INFO 12844 --- [http-nio-7070-exec-1] o.s.web.servlet.DispatcherServlet        : Completed initialization in 2 ms
2019-08-02 17:42:45.722  INFO 12844 --- [http-nio-7070-exec-1] c.app.controller.ShipmentTypeController  : entered into shipment register
2019-08-02 17:42:45.722  INFO 12844 --- [http-nio-7070-exec-1] c.app.controller.ShipmentTypeController  : Shipment Registeration Failed !! Error Occurs in forms
2019-08-02 17:43:14.909  INFO 12844 --- [Thread-59] o.s.s.concurrent.ThreadPoolTaskExecutor  : Shutting down ExecutorService 'applicationTaskExecutor'
2019-08-02 17:43:14.916  INFO 12844 --- [Thread-59] j.LocalContainerEntityManagerFactoryBean : Closing JPA EntityManagerFactory for persistence unit 'default'
2019-08-02 17:43:14.916  INFO 12844 --- [Thread-59] com.zaxxer.hikari.HikariDataSource       : HikariPool-10 - Shutdown initiated...
2019-08-02 17:43:14.916  INFO 12844 --- [Thread-59] com.zaxxer.hikari.HikariDataSource       : HikariPool-10 - Shutdown completed.
2019-08-02 17:43:16.371  INFO 12844 --- [restartedMain] com.app.WareHouseBootApplication         : Starting WareHouseBootApplication on IncredibleSRV with PID 12844 (C:\Users\The_Incredible_Srv\Documents\spring\springBoot\Extra\WareHouseBoot\target\classes started by The_Incredible_Srv in C:\Users\The_Incredible_Srv\Documents\spring\springBoot\Extra\WareHouseBoot)
2019-08-02 17:43:16.371 DEBUG 12844 --- [restartedMain] com.app.WareHouseBootApplication         : Running with Spring Boot v2.1.6.RELEASE, Spring v5.1.8.RELEASE
2019-08-02 17:43:16.371  INFO 12844 --- [restartedMain] com.app.WareHouseBootApplication         : The following profiles are active: appMsg,dev
2019-08-02 17:43:17.621  INFO 12844 --- [restartedMain] .s.d.r.c.RepositoryConfigurationDelegate : Bootstrapping Spring Data repositories in DEFAULT mode.
2019-08-02 17:43:17.933  INFO 12844 --- [restartedMain] .s.d.r.c.RepositoryConfigurationDelegate : Finished Spring Data repository scanning in 312ms. Found 13 repository interfaces.
2019-08-02 17:43:18.183  INFO 12844 --- [restartedMain] trationDelegate$BeanPostProcessorChecker : Bean 'org.springframework.transaction.annotation.ProxyTransactionManagementConfiguration' of type [org.springframework.transaction.annotation.ProxyTransactionManagementConfiguration$$EnhancerBySpringCGLIB$$3f4e603e] is not eligible for getting processed by all BeanPostProcessors (for example: not eligible for auto-proxying)
2019-08-02 17:43:18.651  INFO 12844 --- [restartedMain] o.s.b.w.embedded.tomcat.TomcatWebServer  : Tomcat initialized with port(s): 7070 (http)
2019-08-02 17:43:18.653  INFO 12844 --- [restartedMain] o.apache.catalina.core.StandardService   : Starting service [Tomcat]
2019-08-02 17:43:18.653  INFO 12844 --- [restartedMain] org.apache.catalina.core.StandardEngine  : Starting Servlet engine: [Apache Tomcat/9.0.21]
2019-08-02 17:43:18.700  INFO 12844 --- [restartedMain] o.a.c.c.C.[.[localhost].[/warehouse]     : Initializing Spring embedded WebApplicationContext
2019-08-02 17:43:18.700  INFO 12844 --- [restartedMain] o.s.web.context.ContextLoader            : Root WebApplicationContext: initialization completed in 2329 ms
2019-08-02 17:43:18.888  INFO 12844 --- [restartedMain] com.zaxxer.hikari.HikariDataSource       : HikariPool-11 - Starting...
2019-08-02 17:43:18.888  INFO 12844 --- [restartedMain] com.zaxxer.hikari.HikariDataSource       : HikariPool-11 - Start completed.
2019-08-02 17:43:18.966  INFO 12844 --- [restartedMain] o.hibernate.jpa.internal.util.LogHelper  : HHH000204: Processing PersistenceUnitInfo [
	name: default
	...]
2019-08-02 17:43:19.122  INFO 12844 --- [restartedMain] org.hibernate.dialect.Dialect            : HHH000400: Using dialect: org.hibernate.dialect.MySQL5Dialect
2019-08-02 17:43:21.120  INFO 12844 --- [restartedMain] j.LocalContainerEntityManagerFactoryBean : Initialized JPA EntityManagerFactory for persistence unit 'default'
2019-08-02 17:43:21.167  INFO 12844 --- [restartedMain] o.s.b.d.a.OptionalLiveReloadServer       : LiveReload server is running on port 35729
2019-08-02 17:43:21.261  INFO 12844 --- [restartedMain] o.h.h.i.QueryTranslatorFactoryInitiator  : HHH000397: Using ASTQueryTranslatorFactory
2019-08-02 17:43:22.339  INFO 12844 --- [restartedMain] o.s.s.concurrent.ThreadPoolTaskExecutor  : Initializing ExecutorService 'applicationTaskExecutor'
2019-08-02 17:43:22.358  WARN 12844 --- [restartedMain] aWebConfiguration$JpaWebMvcConfiguration : spring.jpa.open-in-view is enabled by default. Therefore, database queries may be performed during view rendering. Explicitly configure spring.jpa.open-in-view to disable this warning
2019-08-02 17:43:23.061  INFO 12844 --- [restartedMain] o.s.b.w.embedded.tomcat.TomcatWebServer  : Tomcat started on port(s): 7070 (http) with context path '/warehouse'
2019-08-02 17:43:23.061  INFO 12844 --- [restartedMain] com.app.WareHouseBootApplication         : Started WareHouseBootApplication in 6.867 seconds (JVM running for 16848.62)
2019-08-02 17:43:23.061  INFO 12844 --- [restartedMain] .ConditionEvaluationDeltaLoggingListener : Condition evaluation unchanged
2019-08-02 17:43:23.202  INFO 12844 --- [http-nio-7070-exec-1] o.a.c.c.C.[.[localhost].[/warehouse]     : Initializing Spring DispatcherServlet 'dispatcherServlet'
2019-08-02 17:43:23.202  INFO 12844 --- [http-nio-7070-exec-1] o.s.web.servlet.DispatcherServlet        : Initializing Servlet 'dispatcherServlet'
2019-08-02 17:43:23.217  INFO 12844 --- [http-nio-7070-exec-1] o.s.web.servlet.DispatcherServlet        : Completed initialization in 15 ms
2019-08-02 17:43:23.233  INFO 12844 --- [http-nio-7070-exec-1] c.app.controller.ShipmentTypeController  : entered into shipment register
2019-08-02 17:43:23.233  INFO 12844 --- [http-nio-7070-exec-1] c.app.controller.ShipmentTypeController  : Shipment Registeration Failed !! Error Occurs in forms
2019-08-02 17:44:08.374  INFO 12844 --- [http-nio-7070-exec-1] c.app.controller.ShipmentTypeController  : entered into shipment register
2019-08-02 17:44:08.374  INFO 12844 --- [http-nio-7070-exec-1] c.app.controller.ShipmentTypeController  : Shipment Registeration Failed !! Error Occurs in forms
2019-08-02 17:46:49.514  INFO 12844 --- [http-nio-7070-exec-8] c.app.controller.ShipmentTypeController  : Excel Report Generated
2019-08-02 17:46:49.514 DEBUG 12844 --- [http-nio-7070-exec-8] com.app.view.ShipmentTypeExcelView       : View [ShipmentTypeExcelView], model {list=[ShipmentType(shipmentId=3, shipmentMode=SHIP, shipmentCode=VIKRANT, enableShipment=YES, shipmentGrade=C, note=no boundation)]}
2019-08-02 17:48:40.038  WARN 12844 --- [http-nio-7070-exec-3] .w.s.m.s.DefaultHandlerExceptionResolver : Resolved [org.springframework.web.method.annotation.MethodArgumentTypeMismatchException: Failed to convert value of type 'java.lang.String' to required type 'java.lang.Integer'; nested exception is java.lang.NumberFormatException: For input string: "pdf"]
2019-08-02 17:49:08.083  INFO 12844 --- [http-nio-7070-exec-4] c.app.controller.ShipmentTypeController  : Pdf Report Generated
2019-08-02 17:49:08.084 DEBUG 12844 --- [http-nio-7070-exec-4] com.app.view.ShipmentTypePdfView         : View [ShipmentTypePdfView], model {list=[ShipmentType(shipmentId=4, shipmentMode=TRAIN, shipmentCode=RAJDHANI, enableShipment=YES, shipmentGrade=C, note=keep safe)]}
2019-08-02 17:49:08.346  INFO 12844 --- [http-nio-7070-exec-9] c.app.controller.ShipmentTypeController  : Pdf Report Generated
2019-08-02 17:49:08.347 DEBUG 12844 --- [http-nio-7070-exec-9] com.app.view.ShipmentTypePdfView         : View [ShipmentTypePdfView], model {list=[ShipmentType(shipmentId=4, shipmentMode=TRAIN, shipmentCode=RAJDHANI, enableShipment=YES, shipmentGrade=C, note=keep safe)]}
2019-08-02 17:49:23.178  INFO 12844 --- [http-nio-7070-exec-7] c.app.controller.ShipmentTypeController  : Shipment Updated Successfully !
2019-08-02 17:52:14.125  INFO 12844 --- [RMI TCP Connection(2)-127.0.0.1] inMXBeanRegistrar$SpringApplicationAdmin : Application shutdown requested.
2019-08-02 17:52:14.131  INFO 12844 --- [RMI TCP Connection(2)-127.0.0.1] o.s.s.concurrent.ThreadPoolTaskExecutor  : Shutting down ExecutorService 'applicationTaskExecutor'
2019-08-02 17:52:14.131  INFO 12844 --- [RMI TCP Connection(2)-127.0.0.1] j.LocalContainerEntityManagerFactoryBean : Closing JPA EntityManagerFactory for persistence unit 'default'
2019-08-02 17:52:14.131  INFO 12844 --- [RMI TCP Connection(2)-127.0.0.1] com.zaxxer.hikari.HikariDataSource       : HikariPool-11 - Shutdown initiated...
2019-08-02 17:52:14.146  INFO 12844 --- [RMI TCP Connection(2)-127.0.0.1] com.zaxxer.hikari.HikariDataSource       : HikariPool-11 - Shutdown completed.
